<?xml version="1.0" encoding="UTF-8"?>
<!-- Generated by org.testng.reporters.JUnitXMLReporter -->
<testsuite hostname="DESKTOP-BCACTEM" ignored="0" name="Test" tests="1" failures="1" timestamp="2020-07-11T21:27:03 IST" time="114.11" errors="0">
  <testcase name="grid2" time="113.779" classname="gridtest.chrometest2">
    <failure type="org.openqa.selenium.SessionNotCreatedException" message="Unable to create session from {
  &amp;quot;desiredCapabilities&amp;quot;: {
    &amp;quot;browserName&amp;quot;: &amp;quot;firefox&amp;quot;,
    &amp;quot;server:CONFIG_UUID&amp;quot;: &amp;quot;878f25f1-3ded-4328-a36d-b663e9f0aeac&amp;quot;,
    &amp;quot;version&amp;quot;: &amp;quot;&amp;quot;,
    &amp;quot;platform&amp;quot;: &amp;quot;WINDOWS&amp;quot;,
    &amp;quot;acceptInsecureCerts&amp;quot;: true
  },
  &amp;quot;capabilities&amp;quot;: {
    &amp;quot;firstMatch&amp;quot;: [
      {
        &amp;quot;acceptInsecureCerts&amp;quot;: true,
        &amp;quot;browserName&amp;quot;: &amp;quot;firefox&amp;quot;,
        &amp;quot;platformName&amp;quot;: &amp;quot;windows&amp;quot;,
        &amp;quot;server:CONFIG_UUID&amp;quot;: &amp;quot;878f25f1-3ded-4328-a36d-b663e9f0aeac&amp;quot;
      }
    ]
  }
}
Build info: version: &amp;apos;3.141.59&amp;apos;, revision: &amp;apos;e82be7d358&amp;apos;, time: &amp;apos;2018-11-14T08:25:53&amp;apos;
System info: host: &amp;apos;DESKTOP-7O8GTLQ&amp;apos;, ip: &amp;apos;192.168.0.107&amp;apos;, os.name: &amp;apos;Windows 10&amp;apos;, os.arch: &amp;apos;amd64&amp;apos;, os.version: &amp;apos;10.0&amp;apos;, java.version: &amp;apos;1.8.0_251&amp;apos;
Driver info: driver.version: unknown
Command duration or timeout: 111.27 seconds">
      <![CDATA[org.openqa.selenium.SessionNotCreatedException: Unable to create session from {
  "desiredCapabilities": {
    "browserName": "firefox",
    "server:CONFIG_UUID": "878f25f1-3ded-4328-a36d-b663e9f0aeac",
    "version": "",
    "platform": "WINDOWS",
    "acceptInsecureCerts": true
  },
  "capabilities": {
    "firstMatch": [
      {
        "acceptInsecureCerts": true,
        "browserName": "firefox",
        "platformName": "windows",
        "server:CONFIG_UUID": "878f25f1-3ded-4328-a36d-b663e9f0aeac"
      }
    ]
  }
}
Build info: version: '3.141.59', revision: 'e82be7d358', time: '2018-11-14T08:25:53'
System info: host: 'DESKTOP-7O8GTLQ', ip: '192.168.0.107', os.name: 'Windows 10', os.arch: 'amd64', os.version: '10.0', java.version: '1.8.0_251'
Driver info: driver.version: unknown
Command duration or timeout: 111.27 seconds
at org.openqa.selenium.remote.ErrorHandler.createThrowable(ErrorHandler.java:214)
at org.openqa.selenium.remote.ErrorHandler.throwIfResponseFailed(ErrorHandler.java:166)
at org.openqa.selenium.remote.JsonWireProtocolResponse.lambda$errorHandler$0(JsonWireProtocolResponse.java:54)
at org.openqa.selenium.remote.HandshakeResponse.lambda$getResponseFunction$0(HandshakeResponse.java:30)
at org.openqa.selenium.remote.ProtocolHandshake.lambda$createSession$0(ProtocolHandshake.java:126)
at java.util.stream.ReferencePipeline$3$1.accept(Unknown Source)
at java.util.Spliterators$ArraySpliterator.tryAdvance(Unknown Source)
at java.util.stream.ReferencePipeline.forEachWithCancel(Unknown Source)
at java.util.stream.AbstractPipeline.copyIntoWithCancel(Unknown Source)
at java.util.stream.AbstractPipeline.copyInto(Unknown Source)
at java.util.stream.AbstractPipeline.wrapAndCopyInto(Unknown Source)
at java.util.stream.FindOps$FindOp.evaluateSequential(Unknown Source)
at java.util.stream.AbstractPipeline.evaluate(Unknown Source)
at java.util.stream.ReferencePipeline.findFirst(Unknown Source)
at org.openqa.selenium.remote.ProtocolHandshake.createSession(ProtocolHandshake.java:128)
at org.openqa.selenium.remote.ProtocolHandshake.createSession(ProtocolHandshake.java:74)
at org.openqa.selenium.remote.HttpCommandExecutor.execute(HttpCommandExecutor.java:136)
at org.openqa.selenium.remote.RemoteWebDriver.execute(RemoteWebDriver.java:552)
at org.openqa.selenium.remote.RemoteWebDriver.startSession(RemoteWebDriver.java:213)
at org.openqa.selenium.remote.RemoteWebDriver.<init>(RemoteWebDriver.java:131)
at org.openqa.selenium.remote.RemoteWebDriver.<init>(RemoteWebDriver.java:144)
at gridtest.chrometest2.grid2(chrometest2.java:49)
at java.util.ArrayList.forEach(Unknown Source)
Caused by: org.openqa.selenium.SessionNotCreatedException: Unable to create session from {
  "desiredCapabilities": {
    "browserName": "firefox",
    "server:CONFIG_UUID": "878f25f1-3ded-4328-a36d-b663e9f0aeac",
    "version": "",
    "platform": "WINDOWS",
    "acceptInsecureCerts": true
  },
  "capabilities": {
    "firstMatch": [
      {
        "acceptInsecureCerts": true,
        "browserName": "firefox",
        "platformName": "windows",
        "server:CONFIG_UUID": "878f25f1-3ded-4328-a36d-b663e9f0aeac"
      }
    ]
  }
}
Build info: version: '3.141.59', revision: 'e82be7d358', time: '2018-11-14T08:25:53'
System info: host: 'DESKTOP-7O8GTLQ', ip: '192.168.0.107', os.name: 'Windows 10', os.arch: 'amd64', os.version: '10.0', java.version: '1.8.0_251'
Driver info: driver.version: unknown
Build info: version: '3.141.59', revision: 'e82be7d358', time: '2018-11-14T08:25:53'
System info: host: 'DESKTOP-BCACTEM', ip: '192.168.0.109', os.name: 'Windows 10', os.arch: 'amd64', os.version: '10.0', java.version: '1.8.0_221'
Driver info: driver.version: unknown
at org.openqa.selenium.remote.server.NewSessionPipeline.lambda$null$4(NewSessionPipeline.java:76)
at java.util.Optional.orElseThrow(Unknown Source)
at org.openqa.selenium.remote.server.NewSessionPipeline.lambda$createNewSession$5(NewSessionPipeline.java:75)
at java.util.Optional.orElseGet(Unknown Source)
at org.openqa.selenium.remote.server.NewSessionPipeline.createNewSession(NewSessionPipeline.java:73)
at org.openqa.selenium.remote.server.commandhandler.BeginSession.execute(BeginSession.java:65)
at org.openqa.selenium.remote.server.WebDriverServlet.lambda$handle$0(WebDriverServlet.java:235)
at java.util.concurrent.Executors$RunnableAdapter.call(Unknown Source)
at java.util.concurrent.FutureTask.run(Unknown Source)
at java.util.concurrent.ThreadPoolExecutor.runWorker(Unknown Source)
at java.util.concurrent.ThreadPoolExecutor$Worker.run(Unknown Source)
at java.lang.Thread.run(Unknown Source)
... Removed 31 stack frames]]>
    </failure>
  </testcase> <!-- grid2 -->
</testsuite> <!-- Test -->
